<?xml version="1.0" encoding="UTF-8" ?>
<testsuite tests="8" failures="0" name="https.SERVICESFACTURATECHTest" time="6.154" errors="0" skipped="0">
  <properties>
[...]
</properties>
  <testcase classname="https.SERVICESFACTURATECHTest" name="testftechActionUploadInvoiceFileLayout" time="1.631"/>
  <testcase classname="https.SERVICESFACTURATECHTest" name="testftechActionDocumentStatusFile" time="0.407"/>
  <testcase classname="https.SERVICESFACTURATECHTest" name="testftechActionGetCUFEFile" time="0.384"/>
  <testcase classname="https.SERVICESFACTURATECHTest" name="testftechActionDownloadXMLFile" time="0.533"/>
  <testcase classname="https.SERVICESFACTURATECHTest" name="testftechActionGetQRFile" time="0.519"/>
  <testcase classname="https.SERVICESFACTURATECHTest" name="testftechActionDownloadPDFFile" time="1.859"/>
  <testcase classname="https.SERVICESFACTURATECHTest" name="testftechActionUploadInvoiceFile" time="0.399"/>
  <testcase classname="https.SERVICESFACTURATECHTest" name="testftechActionGetQRImageFile" time="0.422"/>
</testsuite>